2024-09-25 02:57:57 INFO  (LoggingInitialization) Using log config file: jar:file:/ghidra/Ghidra/Framework/Generic/lib/Generic.jar!/generic.log4j.xml  
2024-09-25 02:57:57 INFO  (LoggingInitialization) Using log file: /analysis/output/ghidra_diff.log  
2024-09-25 02:57:57 INFO  (Preferences) Loading user preferences: /root/.config/ghidra/ghidra_11.1.2_PUBLIC/preferences  
2024-09-25 02:57:57 INFO  (ClassSearcher) Searching for classes...  
2024-09-25 02:57:59 INFO  (ClassSearcher) Ignoring class 'generic.jar.GClassLoader' from '/ghidra/Ghidra/Framework/Utility/lib/Utility.jar'. Already found at '/ghidra/Ghidra/Framework/Utility/lib/Utility.jar'.  
2024-09-25 02:57:59 INFO  (ClassSearcher) Ignoring class 'ghidra.GhidraClassLoader' from '/ghidra/Ghidra/Framework/Utility/lib/Utility.jar'. Already found at '/ghidra/Ghidra/Framework/Utility/lib/Utility.jar'.  
2024-09-25 02:57:59 INFO  (ClassSearcher) Class search complete (1679 ms)  
2024-09-25 02:57:59 INFO  (SSLContextInitializer) Initializing SSL Context  
2024-09-25 02:57:59 INFO  (SecureRandomFactory) Initializing Random Number Generator...  
2024-09-25 02:57:59 INFO  (SecureRandomFactory) Random Number Generator initialization complete: NativePRNGNonBlocking  
2024-09-25 02:57:59 INFO  (ApplicationTrustManagerFactory) Trust manager disabled, cacerts have not been set  
2024-09-25 02:58:00 INFO  (AnalyzeHeadless) Headless startup complete (3448 ms)  
2024-09-25 02:58:00 INFO  (ClassSearcher) Class searcher loaded 57 extension points (17 false positives)  
2024-09-25 02:58:00 INFO  (HeadlessAnalyzer) HEADLESS Script Paths:
    /ghidra/Ghidra/Features/Base/ghidra_scripts
    /ghidra/Ghidra/Debug/Debugger-rmi-trace/ghidra_scripts
    /ghidra/Ghidra/Processors/8051/ghidra_scripts
    /ghidra/Ghidra/Features/BSim/ghidra_scripts
    /ghidra/Ghidra/Features/Python/ghidra_scripts
    /ghidra/Ghidra/Debug/Debugger/ghidra_scripts
    /ghidra/Ghidra/Features/FileFormats/ghidra_scripts
    /ghidra/Ghidra/Processors/PIC/ghidra_scripts
    /ghidra/Ghidra/Debug/Debugger-agent-frida/ghidra_scripts
    /ghidra/Ghidra/Processors/DATA/ghidra_scripts
    /analysis/scripts
    /ghidra/Ghidra/Debug/Debugger-agent-dbgmodel-traceloader/ghidra_scripts
    /ghidra/Ghidra/Features/VersionTracking/ghidra_scripts
    /ghidra/Ghidra/Features/PDB/ghidra_scripts
    /ghidra/Ghidra/Processors/Atmel/ghidra_scripts
    /ghidra/Ghidra/Features/FunctionID/ghidra_scripts
    /ghidra/Ghidra/Processors/JVM/ghidra_scripts
    /ghidra/Ghidra/Features/GnuDemangler/ghidra_scripts
    /ghidra/Ghidra/Features/SwiftDemangler/ghidra_scripts
    /ghidra/Ghidra/Features/Decompiler/ghidra_scripts
    /ghidra/Ghidra/Features/BytePatterns/ghidra_scripts
    /ghidra/Ghidra/Features/SystemEmulation/ghidra_scripts
    /ghidra/Ghidra/Features/WildcardAssembler/ghidra_scripts
    /ghidra/Ghidra/Features/MicrosoftCodeAnalyzer/ghidra_scripts  
2024-09-25 02:58:00 INFO  (HeadlessAnalyzer) HEADLESS: execution starts  
2024-09-25 02:58:00 INFO  (HeadlessAnalyzer) Creating temporary project: /analysis/project_name  
2024-09-25 02:58:00 INFO  (DefaultProject) Creating project: /analysis/project_name  
2024-09-25 02:58:00 INFO  (HeadlessAnalyzer) REPORT: Processing input files:   
2024-09-25 02:58:00 INFO  (HeadlessAnalyzer)      project: /analysis/project_name  
2024-09-25 02:58:00 INFO  (HeadlessAnalyzer) IMPORTING: file:///app/input_binaries/binary1.bin  
2024-09-25 02:58:02 INFO  (AutoImporter) Using Loader: Executable and Linking Format (ELF)  
2024-09-25 02:58:02 INFO  (AutoImporter) Using Language/Compiler: x86:LE:64:default:gcc  
2024-09-25 02:58:03 DEBUG (ElfHeader) Elf symbol table section .dynsym linked to string table section .dynstr  
2024-09-25 02:58:03 DEBUG (ElfHeader) Elf symbol table section .symtab linked to string table section .strtab  
2024-09-25 02:58:03 DEBUG (ElfHeader) Elf relocation table section .rela.dyn linked to symbol table section .dynsym affecting PT_LOAD  
2024-09-25 02:58:03 DEBUG (ElfHeader) Elf relocation table section .rela.plt linked to symbol table section .dynsym affecting .got  
2024-09-25 02:58:03 DEBUG (ElfProgramBuilder) Discarding 5-byte alignment/filler segment_3.2 at 0010101b  
2024-09-25 02:58:03 DEBUG (ElfProgramBuilder) Discarding 2-byte alignment/filler segment_3.7 at 0010118e  
2024-09-25 02:58:03 DEBUG (ElfProgramBuilder) Discarding 4-byte alignment/filler segment_2.3 at 00100334  
2024-09-25 02:58:03 DEBUG (ElfProgramBuilder) Discarding 4-byte alignment/filler segment_2.7 at 001003ac  
2024-09-25 02:58:03 DEBUG (ElfProgramBuilder) Discarding 4-byte alignment/filler segment_2.9 at 001003d4  
2024-09-25 02:58:03 DEBUG (ElfProgramBuilder) Discarding 1-byte alignment/filler segment_2.12 at 0010050f  
2024-09-25 02:58:03 DEBUG (ElfProgramBuilder) Discarding 2-byte alignment/filler segment_2.14 at 0010051e  
2024-09-25 02:58:03 INFO  (AutoImporter) Additional info:
Loading file:///app/input_binaries/binary1.bin?MD5=addbdf4bbf8a27b015957b0da9b9457a...
Setting block .init_array to read-only
Setting block .fini_array to read-only
Setting block .dynamic to read-only
Failed to markup ELF Note at 00100338: data conflict
Failed to markup ELF Note at 00100368: data conflict
Failed to markup ELF Note at 0010038c: data conflict
------------------------------------------------

Linking the External Programs of 'binary1.bin' to imported libraries...
  [libc.so.6] -> not found in project
------------------------------------------------

Resolving External Symbols of [/binary1.bin] - 3 unresolved symbols, no external libraries configured - skipping
  
2024-09-25 02:58:03 INFO  (HeadlessAnalyzer) IMPORTING: Loaded 0 additional files  
2024-09-25 02:58:04 INFO  (HeadlessAnalyzer) ANALYZING all memory and code: file:///app/input_binaries/binary1.bin  
2024-09-25 02:58:04 INFO  (ExternalDebugFileSectionProvider) DWARF external debug information found: ExternalDebugInfo [filename=null, crc=0, hash=def20496a9f33132b031e11f01264542172c7bec]  
2024-09-25 02:58:04 INFO  (DWARFAnalyzer) Unable to find DWARF information, skipping DWARF analysis  
2024-09-25 02:58:06 INFO  (PackedDatabaseCache) Packed database cache: /var/tmp/root-ghidra/packed-db-cache  
2024-09-25 02:58:06 DEBUG (PackedDatabaseCache) Using cached packed database: /ghidra/Ghidra/Features/Base/data/typeinfo/generic/generic_clib_64.gdt  
2024-09-25 02:58:07 INFO  (ApplyDataArchiveAnalyzer) Applied data type archive: generic_clib_64  
2024-09-25 02:58:08 INFO  (AutoAnalysisManager) -----------------------------------------------------
    ASCII Strings                              0.661 secs
    Apply Data Archives                        0.395 secs
    Call Convention ID                         0.434 secs
    Call-Fixup Installer                       0.004 secs
    Create Address Tables                      0.007 secs
    Create Function                            0.001 secs
    DWARF                                      0.027 secs
    Data Reference                             0.005 secs
    Decompiler Switch Analysis                 1.321 secs
    Demangler GNU                              0.019 secs
    Disassemble Entry Points                   0.104 secs
    ELF Scalar Operand References              0.004 secs
    Embedded Media                             0.027 secs
    External Entry References                  0.001 secs
    Function ID                                0.049 secs
    Function Start Search                      0.027 secs
    Function Start Search After Code           0.002 secs
    Function Start Search After Data           0.001 secs
    GCC Exception Handlers                     0.234 secs
    Non-Returning Functions - Discovered       0.003 secs
    Non-Returning Functions - Known            0.002 secs
    Reference                                  0.014 secs
    Shared Return Calls                        0.020 secs
    Stack                                      0.041 secs
    Subroutine References                      0.023 secs
    Subroutine References - One Time           0.000 secs
    x86 Constant Reference Analyzer            0.052 secs
-----------------------------------------------------
     Total Time   3 secs
-----------------------------------------------------
  
2024-09-25 02:58:08 INFO  (HeadlessAnalyzer) REPORT: Analysis succeeded for file: file:///app/input_binaries/binary1.bin  
2024-09-25 02:58:08 INFO  (HeadlessAnalyzer) SCRIPT: /analysis/scripts/BinDiffScript.py  
2024-09-25 02:58:12 INFO  (HeadlessAnalyzer) ANALYZING changes made by post scripts: file:///app/input_binaries/binary1.bin  
2024-09-25 02:58:12 INFO  (HeadlessAnalyzer) REPORT: Post-analysis succeeded for file: file:///app/input_binaries/binary1.bin  
2024-09-25 02:58:12 INFO  (HeadlessAnalyzer) REPORT: Save succeeded for: /binary1.bin (project_name:/binary1.bin)  
2024-09-25 02:58:12 INFO  (HeadlessAnalyzer) REPORT: Import succeeded  
2024-09-25 02:58:12 INFO  (HeadlessAnalyzer) IMPORTING: file:///app/input_binaries/binary2.bin  
2024-09-25 02:58:12 INFO  (AutoImporter) Using Loader: Executable and Linking Format (ELF)  
2024-09-25 02:58:12 INFO  (AutoImporter) Using Language/Compiler: x86:LE:64:default:gcc  
2024-09-25 02:58:12 DEBUG (ElfHeader) Elf symbol table section .dynsym linked to string table section .dynstr  
2024-09-25 02:58:12 DEBUG (ElfHeader) Elf symbol table section .symtab linked to string table section .strtab  
2024-09-25 02:58:12 DEBUG (ElfHeader) Elf relocation table section .rela.dyn linked to symbol table section .dynsym affecting PT_LOAD  
2024-09-25 02:58:12 DEBUG (ElfHeader) Elf relocation table section .rela.plt linked to symbol table section .dynsym affecting .got  
2024-09-25 02:58:12 DEBUG (ElfProgramBuilder) Discarding 5-byte alignment/filler segment_3.2 at 0010101b  
2024-09-25 02:58:12 DEBUG (ElfProgramBuilder) Discarding 2-byte alignment/filler segment_3.7 at 0010118e  
2024-09-25 02:58:12 DEBUG (ElfProgramBuilder) Discarding 4-byte alignment/filler segment_2.3 at 00100334  
2024-09-25 02:58:12 DEBUG (ElfProgramBuilder) Discarding 4-byte alignment/filler segment_2.7 at 001003ac  
2024-09-25 02:58:12 DEBUG (ElfProgramBuilder) Discarding 4-byte alignment/filler segment_2.9 at 001003d4  
2024-09-25 02:58:12 DEBUG (ElfProgramBuilder) Discarding 1-byte alignment/filler segment_2.12 at 0010050f  
2024-09-25 02:58:12 DEBUG (ElfProgramBuilder) Discarding 2-byte alignment/filler segment_2.14 at 0010051e  
2024-09-25 02:58:12 INFO  (AutoImporter) Additional info:
Loading file:///app/input_binaries/binary2.bin?MD5=40b03cd66e8f2c77ae7e9d412a40a7cf...
Setting block .init_array to read-only
Setting block .fini_array to read-only
Setting block .dynamic to read-only
Failed to markup ELF Note at 00100338: data conflict
Failed to markup ELF Note at 00100368: data conflict
Failed to markup ELF Note at 0010038c: data conflict
------------------------------------------------

Linking the External Programs of 'binary2.bin' to imported libraries...
  [libc.so.6] -> not found in project
------------------------------------------------

Resolving External Symbols of [/binary2.bin] - 3 unresolved symbols, no external libraries configured - skipping
  
2024-09-25 02:58:12 INFO  (HeadlessAnalyzer) IMPORTING: Loaded 0 additional files  
2024-09-25 02:58:12 INFO  (HeadlessAnalyzer) ANALYZING all memory and code: file:///app/input_binaries/binary2.bin  
2024-09-25 02:58:12 INFO  (ExternalDebugFileSectionProvider) DWARF external debug information found: ExternalDebugInfo [filename=null, crc=0, hash=ee6f1462563f660bb76351057f628a4f856655c2]  
2024-09-25 02:58:12 INFO  (DWARFAnalyzer) Unable to find DWARF information, skipping DWARF analysis  
2024-09-25 02:58:13 DEBUG (PackedDatabaseCache) Using cached packed database: /ghidra/Ghidra/Features/Base/data/typeinfo/generic/generic_clib_64.gdt  
2024-09-25 02:58:14 INFO  (ApplyDataArchiveAnalyzer) Applied data type archive: generic_clib_64  
2024-09-25 02:58:14 INFO  (AutoAnalysisManager) -----------------------------------------------------
    ASCII Strings                              0.003 secs
    Apply Data Archives                        0.151 secs
    Call Convention ID                         0.338 secs
    Call-Fixup Installer                       0.000 secs
    Create Address Tables                      0.002 secs
    Create Function                            0.001 secs
    DWARF                                      0.002 secs
    Data Reference                             0.004 secs
    Decompiler Switch Analysis                 1.109 secs
    Demangler GNU                              0.006 secs
    Disassemble Entry Points                   0.034 secs
    ELF Scalar Operand References              0.002 secs
    Embedded Media                             0.003 secs
    External Entry References                  0.000 secs
    Function ID                                0.007 secs
    Function Start Search                      0.028 secs
    Function Start Search After Code           0.001 secs
    Function Start Search After Data           0.000 secs
    GCC Exception Handlers                     0.021 secs
    Non-Returning Functions - Discovered       0.002 secs
    Non-Returning Functions - Known            0.001 secs
    Reference                                  0.010 secs
    Shared Return Calls                        0.002 secs
    Stack                                      0.017 secs
    Subroutine References                      0.003 secs
    Subroutine References - One Time           0.000 secs
    x86 Constant Reference Analyzer            0.068 secs
-----------------------------------------------------
     Total Time   1 secs
-----------------------------------------------------
  
2024-09-25 02:58:14 INFO  (HeadlessAnalyzer) REPORT: Analysis succeeded for file: file:///app/input_binaries/binary2.bin  
2024-09-25 02:58:14 INFO  (HeadlessAnalyzer) SCRIPT: /analysis/scripts/BinDiffScript.py  
2024-09-25 02:58:14 INFO  (HeadlessAnalyzer) ANALYZING changes made by post scripts: file:///app/input_binaries/binary2.bin  
2024-09-25 02:58:14 INFO  (HeadlessAnalyzer) REPORT: Post-analysis succeeded for file: file:///app/input_binaries/binary2.bin  
2024-09-25 02:58:15 INFO  (HeadlessAnalyzer) REPORT: Save succeeded for: /binary2.bin (project_name:/binary2.bin)  
2024-09-25 02:58:15 INFO  (HeadlessAnalyzer) REPORT: Import succeeded  
